2020-11-16 15:29:46,691 INFO o.s.b.StartupInfoLogger [main] Starting FilesPathTest on heimdall-Othalla with PID 26848 (started by heimdall in /media/heimdall/Stockage/0_DA_Java_OC/P5/SafetyNetAlerts)
2020-11-16 15:29:46,700 DEBUG o.s.b.StartupInfoLogger [main] Running with Spring Boot v2.3.4.RELEASE, Spring v5.2.9.RELEASE
2020-11-16 15:29:46,703 INFO o.s.b.SpringApplication [main] No active profile set, falling back to default profiles: default
2020-11-16 15:29:47,691 INFO o.s.s.c.ExecutorConfigurationSupport [main] Initializing ExecutorService 'applicationTaskExecutor'
2020-11-16 15:29:48,013 INFO o.s.m.w.MockServletContext [main] Initializing Spring TestDispatcherServlet ''
2020-11-16 15:29:48,014 INFO o.s.w.s.FrameworkServlet [main] Initializing Servlet ''
2020-11-16 15:29:48,032 INFO o.s.w.s.FrameworkServlet [main] Completed initialization in 18 ms
2020-11-16 15:29:48,064 INFO o.s.b.StartupInfoLogger [main] Started FilesPathTest in 1.924 seconds (JVM running for 3.585)
2020-11-16 15:29:48,414 INFO o.s.t.c.s.AbstractTestContextBootstrapper [main] Neither @ContextConfiguration nor @ContextHierarchy found for test class [com.safetynet.alerts.controller.FireStationControllerTest], using SpringBootContextLoader
2020-11-16 15:29:48,416 INFO o.s.t.c.s.AbstractContextLoader [main] Could not detect default resource locations for test class [com.safetynet.alerts.controller.FireStationControllerTest]: no resource found for suffixes {-context.xml, Context.groovy}.
2020-11-16 15:29:48,416 INFO o.s.t.c.s.AnnotationConfigContextLoaderUtils [main] Could not detect default configuration classes for test class [com.safetynet.alerts.controller.FireStationControllerTest]: FireStationControllerTest does not declare any static, non-private, non-final, nested classes annotated with @Configuration.
2020-11-16 15:29:48,431 INFO o.s.b.t.c.SpringBootTestContextBootstrapper [main] Found @SpringBootConfiguration com.safetynet.alerts.SafetyNetAlertsApplication for test class com.safetynet.alerts.controller.FireStationControllerTest
2020-11-16 15:29:48,432 INFO o.s.t.c.s.AbstractTestContextBootstrapper [main] Loaded default TestExecutionListener class names from location [META-INF/spring.factories]: [org.springframework.boot.test.mock.mockito.MockitoTestExecutionListener, org.springframework.boot.test.mock.mockito.ResetMocksTestExecutionListener, org.springframework.boot.test.autoconfigure.restdocs.RestDocsTestExecutionListener, org.springframework.boot.test.autoconfigure.web.client.MockRestServiceServerResetTestExecutionListener, org.springframework.boot.test.autoconfigure.web.servlet.MockMvcPrintOnlyOnFailureTestExecutionListener, org.springframework.boot.test.autoconfigure.web.servlet.WebDriverTestExecutionListener, org.springframework.boot.test.autoconfigure.webservices.client.MockWebServiceServerTestExecutionListener, org.springframework.test.context.web.ServletTestExecutionListener, org.springframework.test.context.support.DirtiesContextBeforeModesTestExecutionListener, org.springframework.test.context.support.DependencyInjectionTestExecutionListener, org.springframework.test.context.support.DirtiesContextTestExecutionListener, org.springframework.test.context.transaction.TransactionalTestExecutionListener, org.springframework.test.context.jdbc.SqlScriptsTestExecutionListener, org.springframework.test.context.event.EventPublishingTestExecutionListener]
2020-11-16 15:29:48,434 INFO o.s.t.c.s.AbstractTestContextBootstrapper [main] Using TestExecutionListeners: [org.springframework.test.context.web.ServletTestExecutionListener@35d518a7, org.springframework.test.context.support.DirtiesContextBeforeModesTestExecutionListener@3ea65cf6, org.springframework.boot.test.mock.mockito.MockitoTestExecutionListener@3e07a967, org.springframework.boot.test.autoconfigure.SpringBootDependencyInjectionTestExecutionListener@29bc0447, org.springframework.test.context.support.DirtiesContextTestExecutionListener@343131f7, org.springframework.test.context.event.EventPublishingTestExecutionListener@38fc8a6b, org.springframework.boot.test.mock.mockito.ResetMocksTestExecutionListener@3bb35082, org.springframework.boot.test.autoconfigure.restdocs.RestDocsTestExecutionListener@72e4f58f, org.springframework.boot.test.autoconfigure.web.client.MockRestServiceServerResetTestExecutionListener@4f67dcad, org.springframework.boot.test.autoconfigure.web.servlet.MockMvcPrintOnlyOnFailureTestExecutionListener@1314b8f8, org.springframework.boot.test.autoconfigure.web.servlet.WebDriverTestExecutionListener@3282cd58, org.springframework.boot.test.autoconfigure.webservices.client.MockWebServiceServerTestExecutionListener@671f1e0a]
2020-11-16 15:29:48,470 INFO o.s.b.StartupInfoLogger [main] Starting FireStationControllerTest on heimdall-Othalla with PID 26848 (started by heimdall in /media/heimdall/Stockage/0_DA_Java_OC/P5/SafetyNetAlerts)
2020-11-16 15:29:48,470 DEBUG o.s.b.StartupInfoLogger [main] Running with Spring Boot v2.3.4.RELEASE, Spring v5.2.9.RELEASE
2020-11-16 15:29:48,471 INFO o.s.b.SpringApplication [main] No active profile set, falling back to default profiles: default
2020-11-16 15:29:48,948 INFO o.s.s.c.ExecutorConfigurationSupport [main] Initializing ExecutorService 'applicationTaskExecutor'
2020-11-16 15:29:49,117 INFO o.s.m.w.MockServletContext [main] Initializing Spring TestDispatcherServlet ''
2020-11-16 15:29:49,118 INFO o.s.w.s.FrameworkServlet [main] Initializing Servlet ''
2020-11-16 15:29:49,123 INFO o.s.w.s.FrameworkServlet [main] Completed initialization in 5 ms
2020-11-16 15:29:49,135 INFO o.s.b.StartupInfoLogger [main] Started FireStationControllerTest in 0.697 seconds (JVM running for 4.657)
2020-11-16 15:29:49,215 INFO c.s.a.c.FireStationController [main] io du cul
2020-11-16 15:29:49,249 INFO c.s.a.c.FireStationController [main] tfile
2020-11-16 15:29:49,257 INFO c.s.a.c.FireStationController [main] parse
2020-11-16 15:29:49,266 INFO c.s.a.c.FireStationController [main] mapping
2020-11-16 15:29:49,274 INFO o.s.t.c.s.AbstractTestContextBootstrapper [main] Neither @ContextConfiguration nor @ContextHierarchy found for test class [com.safetynet.alerts.controller.HomeControllerTest], using SpringBootContextLoader
2020-11-16 15:29:49,275 INFO o.s.t.c.s.AbstractContextLoader [main] Could not detect default resource locations for test class [com.safetynet.alerts.controller.HomeControllerTest]: no resource found for suffixes {-context.xml, Context.groovy}.
2020-11-16 15:29:49,275 INFO o.s.t.c.s.AnnotationConfigContextLoaderUtils [main] Could not detect default configuration classes for test class [com.safetynet.alerts.controller.HomeControllerTest]: HomeControllerTest does not declare any static, non-private, non-final, nested classes annotated with @Configuration.
2020-11-16 15:29:49,278 INFO o.s.b.t.c.SpringBootTestContextBootstrapper [main] Found @SpringBootConfiguration com.safetynet.alerts.SafetyNetAlertsApplication for test class com.safetynet.alerts.controller.HomeControllerTest
2020-11-16 15:29:49,279 INFO o.s.t.c.s.AbstractTestContextBootstrapper [main] Loaded default TestExecutionListener class names from location [META-INF/spring.factories]: [org.springframework.boot.test.mock.mockito.MockitoTestExecutionListener, org.springframework.boot.test.mock.mockito.ResetMocksTestExecutionListener, org.springframework.boot.test.autoconfigure.restdocs.RestDocsTestExecutionListener, org.springframework.boot.test.autoconfigure.web.client.MockRestServiceServerResetTestExecutionListener, org.springframework.boot.test.autoconfigure.web.servlet.MockMvcPrintOnlyOnFailureTestExecutionListener, org.springframework.boot.test.autoconfigure.web.servlet.WebDriverTestExecutionListener, org.springframework.boot.test.autoconfigure.webservices.client.MockWebServiceServerTestExecutionListener, org.springframework.test.context.web.ServletTestExecutionListener, org.springframework.test.context.support.DirtiesContextBeforeModesTestExecutionListener, org.springframework.test.context.support.DependencyInjectionTestExecutionListener, org.springframework.test.context.support.DirtiesContextTestExecutionListener, org.springframework.test.context.transaction.TransactionalTestExecutionListener, org.springframework.test.context.jdbc.SqlScriptsTestExecutionListener, org.springframework.test.context.event.EventPublishingTestExecutionListener]
2020-11-16 15:29:49,281 INFO o.s.t.c.s.AbstractTestContextBootstrapper [main] Using TestExecutionListeners: [org.springframework.test.context.web.ServletTestExecutionListener@615adefa, org.springframework.test.context.support.DirtiesContextBeforeModesTestExecutionListener@2b638e54, org.springframework.boot.test.mock.mockito.MockitoTestExecutionListener@5dfb30e0, org.springframework.boot.test.autoconfigure.SpringBootDependencyInjectionTestExecutionListener@17fd2db5, org.springframework.test.context.support.DirtiesContextTestExecutionListener@20679cbe, org.springframework.test.context.event.EventPublishingTestExecutionListener@17c1b7c8, org.springframework.boot.test.mock.mockito.ResetMocksTestExecutionListener@1339f9e0, org.springframework.boot.test.autoconfigure.restdocs.RestDocsTestExecutionListener@6dd7feb7, org.springframework.boot.test.autoconfigure.web.client.MockRestServiceServerResetTestExecutionListener@71c90ddf, org.springframework.boot.test.autoconfigure.web.servlet.MockMvcPrintOnlyOnFailureTestExecutionListener@6bac8bd9, org.springframework.boot.test.autoconfigure.web.servlet.WebDriverTestExecutionListener@370689b5, org.springframework.boot.test.autoconfigure.webservices.client.MockWebServiceServerTestExecutionListener@6576eba4]
2020-11-16 15:29:49,305 INFO o.s.b.StartupInfoLogger [main] Starting HomeControllerTest on heimdall-Othalla with PID 26848 (started by heimdall in /media/heimdall/Stockage/0_DA_Java_OC/P5/SafetyNetAlerts)
2020-11-16 15:29:49,305 DEBUG o.s.b.StartupInfoLogger [main] Running with Spring Boot v2.3.4.RELEASE, Spring v5.2.9.RELEASE
2020-11-16 15:29:49,306 INFO o.s.b.SpringApplication [main] No active profile set, falling back to default profiles: default
2020-11-16 15:29:49,586 INFO o.s.s.c.ExecutorConfigurationSupport [main] Initializing ExecutorService 'applicationTaskExecutor'
2020-11-16 15:29:49,743 INFO o.s.m.w.MockServletContext [main] Initializing Spring TestDispatcherServlet ''
2020-11-16 15:29:49,743 INFO o.s.w.s.FrameworkServlet [main] Initializing Servlet ''
2020-11-16 15:29:49,749 INFO o.s.w.s.FrameworkServlet [main] Completed initialization in 5 ms
2020-11-16 15:29:49,759 INFO o.s.b.StartupInfoLogger [main] Started HomeControllerTest in 0.475 seconds (JVM running for 5.28)
2020-11-16 15:29:49,765 INFO c.s.a.c.HomeController [main] io du cul
2020-11-16 15:29:49,774 INFO c.s.a.c.HomeController [main] tfile
2020-11-16 15:29:49,779 INFO c.s.a.c.HomeController [main] parse
2020-11-16 15:29:49,785 INFO c.s.a.c.HomeController [main] mapping
2020-11-16 15:29:49,789 INFO o.s.t.c.s.AbstractTestContextBootstrapper [main] Neither @ContextConfiguration nor @ContextHierarchy found for test class [com.safetynet.alerts.controller.MedicalRecordControllerTest], using SpringBootContextLoader
2020-11-16 15:29:49,791 INFO o.s.t.c.s.AbstractContextLoader [main] Could not detect default resource locations for test class [com.safetynet.alerts.controller.MedicalRecordControllerTest]: no resource found for suffixes {-context.xml, Context.groovy}.
2020-11-16 15:29:49,792 INFO o.s.t.c.s.AnnotationConfigContextLoaderUtils [main] Could not detect default configuration classes for test class [com.safetynet.alerts.controller.MedicalRecordControllerTest]: MedicalRecordControllerTest does not declare any static, non-private, non-final, nested classes annotated with @Configuration.
2020-11-16 15:29:49,796 INFO o.s.b.t.c.SpringBootTestContextBootstrapper [main] Found @SpringBootConfiguration com.safetynet.alerts.SafetyNetAlertsApplication for test class com.safetynet.alerts.controller.MedicalRecordControllerTest
2020-11-16 15:29:49,796 INFO o.s.t.c.s.AbstractTestContextBootstrapper [main] Loaded default TestExecutionListener class names from location [META-INF/spring.factories]: [org.springframework.boot.test.mock.mockito.MockitoTestExecutionListener, org.springframework.boot.test.mock.mockito.ResetMocksTestExecutionListener, org.springframework.boot.test.autoconfigure.restdocs.RestDocsTestExecutionListener, org.springframework.boot.test.autoconfigure.web.client.MockRestServiceServerResetTestExecutionListener, org.springframework.boot.test.autoconfigure.web.servlet.MockMvcPrintOnlyOnFailureTestExecutionListener, org.springframework.boot.test.autoconfigure.web.servlet.WebDriverTestExecutionListener, org.springframework.boot.test.autoconfigure.webservices.client.MockWebServiceServerTestExecutionListener, org.springframework.test.context.web.ServletTestExecutionListener, org.springframework.test.context.support.DirtiesContextBeforeModesTestExecutionListener, org.springframework.test.context.support.DependencyInjectionTestExecutionListener, org.springframework.test.context.support.DirtiesContextTestExecutionListener, org.springframework.test.context.transaction.TransactionalTestExecutionListener, org.springframework.test.context.jdbc.SqlScriptsTestExecutionListener, org.springframework.test.context.event.EventPublishingTestExecutionListener]
2020-11-16 15:29:49,797 INFO o.s.t.c.s.AbstractTestContextBootstrapper [main] Using TestExecutionListeners: [org.springframework.test.context.web.ServletTestExecutionListener@587f17cb, org.springframework.test.context.support.DirtiesContextBeforeModesTestExecutionListener@7ddb6df3, org.springframework.boot.test.mock.mockito.MockitoTestExecutionListener@33ddc39b, org.springframework.boot.test.autoconfigure.SpringBootDependencyInjectionTestExecutionListener@2918e3d7, org.springframework.test.context.support.DirtiesContextTestExecutionListener@9796870, org.springframework.test.context.event.EventPublishingTestExecutionListener@2f6b3859, org.springframework.boot.test.mock.mockito.ResetMocksTestExecutionListener@72f7e734, org.springframework.boot.test.autoconfigure.restdocs.RestDocsTestExecutionListener@1c1fb4e6, org.springframework.boot.test.autoconfigure.web.client.MockRestServiceServerResetTestExecutionListener@5e6775fd, org.springframework.boot.test.autoconfigure.web.servlet.MockMvcPrintOnlyOnFailureTestExecutionListener@28b83798, org.springframework.boot.test.autoconfigure.web.servlet.WebDriverTestExecutionListener@65bbabfc, org.springframework.boot.test.autoconfigure.webservices.client.MockWebServiceServerTestExecutionListener@4629b29]
2020-11-16 15:29:49,827 INFO o.s.b.StartupInfoLogger [main] Starting MedicalRecordControllerTest on heimdall-Othalla with PID 26848 (started by heimdall in /media/heimdall/Stockage/0_DA_Java_OC/P5/SafetyNetAlerts)
2020-11-16 15:29:49,827 DEBUG o.s.b.StartupInfoLogger [main] Running with Spring Boot v2.3.4.RELEASE, Spring v5.2.9.RELEASE
2020-11-16 15:29:49,828 INFO o.s.b.SpringApplication [main] No active profile set, falling back to default profiles: default
2020-11-16 15:29:50,113 INFO o.s.s.c.ExecutorConfigurationSupport [main] Initializing ExecutorService 'applicationTaskExecutor'
2020-11-16 15:29:50,260 INFO o.s.m.w.MockServletContext [main] Initializing Spring TestDispatcherServlet ''
2020-11-16 15:29:50,261 INFO o.s.w.s.FrameworkServlet [main] Initializing Servlet ''
2020-11-16 15:29:50,265 INFO o.s.w.s.FrameworkServlet [main] Completed initialization in 4 ms
2020-11-16 15:29:50,275 INFO o.s.b.StartupInfoLogger [main] Started MedicalRecordControllerTest in 0.475 seconds (JVM running for 5.796)
2020-11-16 15:29:50,283 INFO c.s.a.c.MedicalRecordController [main] IO error MedicalRecord 
java.io.IOException: null
2020-11-16 15:29:50,300 INFO c.s.a.c.MedicalRecordController [main] No Such File Error MedicalRecord 
java.nio.file.NoSuchFileException: null
2020-11-16 15:29:50,304 INFO c.s.a.c.MedicalRecordController [main] Parse Error MedicalRecord 
com.fasterxml.jackson.core.JsonParseException: N/A
2020-11-16 15:29:50,312 INFO c.s.a.c.MedicalRecordController [main] Mapping Error MedicalRecord 
com.fasterxml.jackson.databind.JsonMappingException: N/A
2020-11-16 15:29:50,317 INFO o.s.t.c.s.AbstractTestContextBootstrapper [main] Neither @ContextConfiguration nor @ContextHierarchy found for test class [com.safetynet.alerts.controller.PersonControllerTest], using SpringBootContextLoader
2020-11-16 15:29:50,319 INFO o.s.t.c.s.AbstractContextLoader [main] Could not detect default resource locations for test class [com.safetynet.alerts.controller.PersonControllerTest]: no resource found for suffixes {-context.xml, Context.groovy}.
2020-11-16 15:29:50,319 INFO o.s.t.c.s.AnnotationConfigContextLoaderUtils [main] Could not detect default configuration classes for test class [com.safetynet.alerts.controller.PersonControllerTest]: PersonControllerTest does not declare any static, non-private, non-final, nested classes annotated with @Configuration.
2020-11-16 15:29:50,321 INFO o.s.b.t.c.SpringBootTestContextBootstrapper [main] Found @SpringBootConfiguration com.safetynet.alerts.SafetyNetAlertsApplication for test class com.safetynet.alerts.controller.PersonControllerTest
2020-11-16 15:29:50,321 INFO o.s.t.c.s.AbstractTestContextBootstrapper [main] Loaded default TestExecutionListener class names from location [META-INF/spring.factories]: [org.springframework.boot.test.mock.mockito.MockitoTestExecutionListener, org.springframework.boot.test.mock.mockito.ResetMocksTestExecutionListener, org.springframework.boot.test.autoconfigure.restdocs.RestDocsTestExecutionListener, org.springframework.boot.test.autoconfigure.web.client.MockRestServiceServerResetTestExecutionListener, org.springframework.boot.test.autoconfigure.web.servlet.MockMvcPrintOnlyOnFailureTestExecutionListener, org.springframework.boot.test.autoconfigure.web.servlet.WebDriverTestExecutionListener, org.springframework.boot.test.autoconfigure.webservices.client.MockWebServiceServerTestExecutionListener, org.springframework.test.context.web.ServletTestExecutionListener, org.springframework.test.context.support.DirtiesContextBeforeModesTestExecutionListener, org.springframework.test.context.support.DependencyInjectionTestExecutionListener, org.springframework.test.context.support.DirtiesContextTestExecutionListener, org.springframework.test.context.transaction.TransactionalTestExecutionListener, org.springframework.test.context.jdbc.SqlScriptsTestExecutionListener, org.springframework.test.context.event.EventPublishingTestExecutionListener]
2020-11-16 15:29:50,322 INFO o.s.t.c.s.AbstractTestContextBootstrapper [main] Using TestExecutionListeners: [org.springframework.test.context.web.ServletTestExecutionListener@1141ce2a, org.springframework.test.context.support.DirtiesContextBeforeModesTestExecutionListener@6e8fc7a3, org.springframework.boot.test.mock.mockito.MockitoTestExecutionListener@4b674606, org.springframework.boot.test.autoconfigure.SpringBootDependencyInjectionTestExecutionListener@68bcdf50, org.springframework.test.context.support.DirtiesContextTestExecutionListener@77136cf3, org.springframework.test.context.event.EventPublishingTestExecutionListener@67b10f6d, org.springframework.boot.test.mock.mockito.ResetMocksTestExecutionListener@161722eb, org.springframework.boot.test.autoconfigure.restdocs.RestDocsTestExecutionListener@185f2926, org.springframework.boot.test.autoconfigure.web.client.MockRestServiceServerResetTestExecutionListener@74c7ba2a, org.springframework.boot.test.autoconfigure.web.servlet.MockMvcPrintOnlyOnFailureTestExecutionListener@1be219b8, org.springframework.boot.test.autoconfigure.web.servlet.WebDriverTestExecutionListener@34cd7055, org.springframework.boot.test.autoconfigure.webservices.client.MockWebServiceServerTestExecutionListener@55ba69f3]
2020-11-16 15:29:50,352 INFO o.s.b.StartupInfoLogger [main] Starting PersonControllerTest on heimdall-Othalla with PID 26848 (started by heimdall in /media/heimdall/Stockage/0_DA_Java_OC/P5/SafetyNetAlerts)
2020-11-16 15:29:50,353 DEBUG o.s.b.StartupInfoLogger [main] Running with Spring Boot v2.3.4.RELEASE, Spring v5.2.9.RELEASE
2020-11-16 15:29:50,354 INFO o.s.b.SpringApplication [main] No active profile set, falling back to default profiles: default
2020-11-16 15:29:50,578 INFO o.s.s.c.ExecutorConfigurationSupport [main] Initializing ExecutorService 'applicationTaskExecutor'
2020-11-16 15:29:50,732 INFO o.s.m.w.MockServletContext [main] Initializing Spring TestDispatcherServlet ''
2020-11-16 15:29:50,732 INFO o.s.w.s.FrameworkServlet [main] Initializing Servlet ''
2020-11-16 15:29:50,737 INFO o.s.w.s.FrameworkServlet [main] Completed initialization in 4 ms
2020-11-16 15:29:50,745 INFO o.s.b.StartupInfoLogger [main] Started PersonControllerTest in 0.42 seconds (JVM running for 6.267)
2020-11-16 15:29:50,750 INFO c.s.a.c.PersonController [main] io du cul
2020-11-16 15:29:50,762 INFO c.s.a.c.PersonController [main] tfile
2020-11-16 15:29:50,770 INFO c.s.a.c.PersonController [main] parse
2020-11-16 15:29:50,781 INFO c.s.a.c.PersonController [main] mapping
2020-11-16 15:29:50,788 INFO o.s.t.c.s.AbstractTestContextBootstrapper [main] Neither @ContextConfiguration nor @ContextHierarchy found for test class [com.safetynet.alerts.dao.FireStationDaoTest], using SpringBootContextLoader
2020-11-16 15:29:50,789 INFO o.s.t.c.s.AbstractContextLoader [main] Could not detect default resource locations for test class [com.safetynet.alerts.dao.FireStationDaoTest]: no resource found for suffixes {-context.xml, Context.groovy}.
2020-11-16 15:29:50,790 INFO o.s.t.c.s.AnnotationConfigContextLoaderUtils [main] Could not detect default configuration classes for test class [com.safetynet.alerts.dao.FireStationDaoTest]: FireStationDaoTest does not declare any static, non-private, non-final, nested classes annotated with @Configuration.
2020-11-16 15:29:50,799 INFO o.s.b.t.c.SpringBootTestContextBootstrapper [main] Found @SpringBootConfiguration com.safetynet.alerts.SafetyNetAlertsApplication for test class com.safetynet.alerts.dao.FireStationDaoTest
2020-11-16 15:29:50,800 INFO o.s.t.c.s.AbstractTestContextBootstrapper [main] Loaded default TestExecutionListener class names from location [META-INF/spring.factories]: [org.springframework.boot.test.mock.mockito.MockitoTestExecutionListener, org.springframework.boot.test.mock.mockito.ResetMocksTestExecutionListener, org.springframework.boot.test.autoconfigure.restdocs.RestDocsTestExecutionListener, org.springframework.boot.test.autoconfigure.web.client.MockRestServiceServerResetTestExecutionListener, org.springframework.boot.test.autoconfigure.web.servlet.MockMvcPrintOnlyOnFailureTestExecutionListener, org.springframework.boot.test.autoconfigure.web.servlet.WebDriverTestExecutionListener, org.springframework.boot.test.autoconfigure.webservices.client.MockWebServiceServerTestExecutionListener, org.springframework.test.context.web.ServletTestExecutionListener, org.springframework.test.context.support.DirtiesContextBeforeModesTestExecutionListener, org.springframework.test.context.support.DependencyInjectionTestExecutionListener, org.springframework.test.context.support.DirtiesContextTestExecutionListener, org.springframework.test.context.transaction.TransactionalTestExecutionListener, org.springframework.test.context.jdbc.SqlScriptsTestExecutionListener, org.springframework.test.context.event.EventPublishingTestExecutionListener]
2020-11-16 15:29:50,801 INFO o.s.t.c.s.AbstractTestContextBootstrapper [main] Using TestExecutionListeners: [org.springframework.test.context.web.ServletTestExecutionListener@a483b2c, org.springframework.test.context.support.DirtiesContextBeforeModesTestExecutionListener@2e220c0c, org.springframework.boot.test.mock.mockito.MockitoTestExecutionListener@77e1f2a2, org.springframework.boot.test.autoconfigure.SpringBootDependencyInjectionTestExecutionListener@14f5137e, org.springframework.test.context.support.DirtiesContextTestExecutionListener@5fafcb97, org.springframework.test.context.event.EventPublishingTestExecutionListener@61d3ee02, org.springframework.boot.test.mock.mockito.ResetMocksTestExecutionListener@195f7478, org.springframework.boot.test.autoconfigure.restdocs.RestDocsTestExecutionListener@250deace, org.springframework.boot.test.autoconfigure.web.client.MockRestServiceServerResetTestExecutionListener@4df7e8b, org.springframework.boot.test.autoconfigure.web.servlet.MockMvcPrintOnlyOnFailureTestExecutionListener@7a8233ec, org.springframework.boot.test.autoconfigure.web.servlet.WebDriverTestExecutionListener@181c7470, org.springframework.boot.test.autoconfigure.webservices.client.MockWebServiceServerTestExecutionListener@528db627]
2020-11-16 15:29:50,826 INFO o.s.b.StartupInfoLogger [main] Starting FireStationDaoTest on heimdall-Othalla with PID 26848 (started by heimdall in /media/heimdall/Stockage/0_DA_Java_OC/P5/SafetyNetAlerts)
2020-11-16 15:29:50,827 DEBUG o.s.b.StartupInfoLogger [main] Running with Spring Boot v2.3.4.RELEASE, Spring v5.2.9.RELEASE
2020-11-16 15:29:50,827 INFO o.s.b.SpringApplication [main] No active profile set, falling back to default profiles: default
2020-11-16 15:29:51,072 INFO o.s.s.c.ExecutorConfigurationSupport [main] Initializing ExecutorService 'applicationTaskExecutor'
2020-11-16 15:29:51,209 INFO o.s.m.w.MockServletContext [main] Initializing Spring TestDispatcherServlet ''
2020-11-16 15:29:51,210 INFO o.s.w.s.FrameworkServlet [main] Initializing Servlet ''
2020-11-16 15:29:51,215 INFO o.s.w.s.FrameworkServlet [main] Completed initialization in 4 ms
2020-11-16 15:29:51,222 INFO o.s.b.StartupInfoLogger [main] Started FireStationDaoTest in 0.418 seconds (JVM running for 6.743)
2020-11-16 15:29:51,297 INFO c.s.a.d.FireStationDtoImpl [main] FireStationList retrieval done
2020-11-16 15:29:51,301 INFO o.s.t.c.s.AbstractTestContextBootstrapper [main] Neither @ContextConfiguration nor @ContextHierarchy found for test class [com.safetynet.alerts.dao.MedicalRecordDaoTest], using SpringBootContextLoader
2020-11-16 15:29:51,301 INFO o.s.t.c.s.AbstractContextLoader [main] Could not detect default resource locations for test class [com.safetynet.alerts.dao.MedicalRecordDaoTest]: no resource found for suffixes {-context.xml, Context.groovy}.
2020-11-16 15:29:51,302 INFO o.s.t.c.s.AnnotationConfigContextLoaderUtils [main] Could not detect default configuration classes for test class [com.safetynet.alerts.dao.MedicalRecordDaoTest]: MedicalRecordDaoTest does not declare any static, non-private, non-final, nested classes annotated with @Configuration.
2020-11-16 15:29:51,303 INFO o.s.b.t.c.SpringBootTestContextBootstrapper [main] Found @SpringBootConfiguration com.safetynet.alerts.SafetyNetAlertsApplication for test class com.safetynet.alerts.dao.MedicalRecordDaoTest
2020-11-16 15:29:51,304 INFO o.s.t.c.s.AbstractTestContextBootstrapper [main] Loaded default TestExecutionListener class names from location [META-INF/spring.factories]: [org.springframework.boot.test.mock.mockito.MockitoTestExecutionListener, org.springframework.boot.test.mock.mockito.ResetMocksTestExecutionListener, org.springframework.boot.test.autoconfigure.restdocs.RestDocsTestExecutionListener, org.springframework.boot.test.autoconfigure.web.client.MockRestServiceServerResetTestExecutionListener, org.springframework.boot.test.autoconfigure.web.servlet.MockMvcPrintOnlyOnFailureTestExecutionListener, org.springframework.boot.test.autoconfigure.web.servlet.WebDriverTestExecutionListener, org.springframework.boot.test.autoconfigure.webservices.client.MockWebServiceServerTestExecutionListener, org.springframework.test.context.web.ServletTestExecutionListener, org.springframework.test.context.support.DirtiesContextBeforeModesTestExecutionListener, org.springframework.test.context.support.DependencyInjectionTestExecutionListener, org.springframework.test.context.support.DirtiesContextTestExecutionListener, org.springframework.test.context.transaction.TransactionalTestExecutionListener, org.springframework.test.context.jdbc.SqlScriptsTestExecutionListener, org.springframework.test.context.event.EventPublishingTestExecutionListener]
2020-11-16 15:29:51,305 INFO o.s.t.c.s.AbstractTestContextBootstrapper [main] Using TestExecutionListeners: [org.springframework.test.context.web.ServletTestExecutionListener@384c3b05, org.springframework.test.context.support.DirtiesContextBeforeModesTestExecutionListener@7e566ed5, org.springframework.boot.test.mock.mockito.MockitoTestExecutionListener@59b3fbf9, org.springframework.boot.test.autoconfigure.SpringBootDependencyInjectionTestExecutionListener@7f25ff1f, org.springframework.test.context.support.DirtiesContextTestExecutionListener@26e877ed, org.springframework.test.context.event.EventPublishingTestExecutionListener@6b059523, org.springframework.boot.test.mock.mockito.ResetMocksTestExecutionListener@2d2fd789, org.springframework.boot.test.autoconfigure.restdocs.RestDocsTestExecutionListener@7da21834, org.springframework.boot.test.autoconfigure.web.client.MockRestServiceServerResetTestExecutionListener@18904f72, org.springframework.boot.test.autoconfigure.web.servlet.MockMvcPrintOnlyOnFailureTestExecutionListener@5ffb7dce, org.springframework.boot.test.autoconfigure.web.servlet.WebDriverTestExecutionListener@cbb7a27, org.springframework.boot.test.autoconfigure.webservices.client.MockWebServiceServerTestExecutionListener@6135b03c]
2020-11-16 15:29:51,330 INFO o.s.b.StartupInfoLogger [main] Starting MedicalRecordDaoTest on heimdall-Othalla with PID 26848 (started by heimdall in /media/heimdall/Stockage/0_DA_Java_OC/P5/SafetyNetAlerts)
2020-11-16 15:29:51,331 DEBUG o.s.b.StartupInfoLogger [main] Running with Spring Boot v2.3.4.RELEASE, Spring v5.2.9.RELEASE
2020-11-16 15:29:51,332 INFO o.s.b.SpringApplication [main] No active profile set, falling back to default profiles: default
2020-11-16 15:29:51,574 INFO o.s.s.c.ExecutorConfigurationSupport [main] Initializing ExecutorService 'applicationTaskExecutor'
2020-11-16 15:29:51,711 INFO o.s.m.w.MockServletContext [main] Initializing Spring TestDispatcherServlet ''
2020-11-16 15:29:51,711 INFO o.s.w.s.FrameworkServlet [main] Initializing Servlet ''
2020-11-16 15:29:51,716 INFO o.s.w.s.FrameworkServlet [main] Completed initialization in 5 ms
2020-11-16 15:29:51,723 INFO o.s.b.StartupInfoLogger [main] Started MedicalRecordDaoTest in 0.416 seconds (JVM running for 7.245)
2020-11-16 15:29:51,737 INFO c.s.a.d.MedicalRecordDtoImpl [main] MedicalRecordList retrieval done
2020-11-16 15:29:51,740 INFO o.s.t.c.s.AbstractTestContextBootstrapper [main] Neither @ContextConfiguration nor @ContextHierarchy found for test class [com.safetynet.alerts.dao.PersonDaoTest], using SpringBootContextLoader
2020-11-16 15:29:51,742 INFO o.s.t.c.s.AbstractContextLoader [main] Could not detect default resource locations for test class [com.safetynet.alerts.dao.PersonDaoTest]: no resource found for suffixes {-context.xml, Context.groovy}.
2020-11-16 15:29:51,742 INFO o.s.t.c.s.AnnotationConfigContextLoaderUtils [main] Could not detect default configuration classes for test class [com.safetynet.alerts.dao.PersonDaoTest]: PersonDaoTest does not declare any static, non-private, non-final, nested classes annotated with @Configuration.
2020-11-16 15:29:51,744 INFO o.s.b.t.c.SpringBootTestContextBootstrapper [main] Found @SpringBootConfiguration com.safetynet.alerts.SafetyNetAlertsApplication for test class com.safetynet.alerts.dao.PersonDaoTest
2020-11-16 15:29:51,745 INFO o.s.t.c.s.AbstractTestContextBootstrapper [main] Loaded default TestExecutionListener class names from location [META-INF/spring.factories]: [org.springframework.boot.test.mock.mockito.MockitoTestExecutionListener, org.springframework.boot.test.mock.mockito.ResetMocksTestExecutionListener, org.springframework.boot.test.autoconfigure.restdocs.RestDocsTestExecutionListener, org.springframework.boot.test.autoconfigure.web.client.MockRestServiceServerResetTestExecutionListener, org.springframework.boot.test.autoconfigure.web.servlet.MockMvcPrintOnlyOnFailureTestExecutionListener, org.springframework.boot.test.autoconfigure.web.servlet.WebDriverTestExecutionListener, org.springframework.boot.test.autoconfigure.webservices.client.MockWebServiceServerTestExecutionListener, org.springframework.test.context.web.ServletTestExecutionListener, org.springframework.test.context.support.DirtiesContextBeforeModesTestExecutionListener, org.springframework.test.context.support.DependencyInjectionTestExecutionListener, org.springframework.test.context.support.DirtiesContextTestExecutionListener, org.springframework.test.context.transaction.TransactionalTestExecutionListener, org.springframework.test.context.jdbc.SqlScriptsTestExecutionListener, org.springframework.test.context.event.EventPublishingTestExecutionListener]
2020-11-16 15:29:51,746 INFO o.s.t.c.s.AbstractTestContextBootstrapper [main] Using TestExecutionListeners: [org.springframework.test.context.web.ServletTestExecutionListener@7dfde83f, org.springframework.test.context.support.DirtiesContextBeforeModesTestExecutionListener@7df8457a, org.springframework.boot.test.mock.mockito.MockitoTestExecutionListener@3454873c, org.springframework.boot.test.autoconfigure.SpringBootDependencyInjectionTestExecutionListener@30a8a26b, org.springframework.test.context.support.DirtiesContextTestExecutionListener@22860851, org.springframework.test.context.event.EventPublishingTestExecutionListener@1d6a5aee, org.springframework.boot.test.mock.mockito.ResetMocksTestExecutionListener@d974318, org.springframework.boot.test.autoconfigure.restdocs.RestDocsTestExecutionListener@7859033b, org.springframework.boot.test.autoconfigure.web.client.MockRestServiceServerResetTestExecutionListener@6a0f48e1, org.springframework.boot.test.autoconfigure.web.servlet.MockMvcPrintOnlyOnFailureTestExecutionListener@257dc264, org.springframework.boot.test.autoconfigure.web.servlet.WebDriverTestExecutionListener@1245ca50, org.springframework.boot.test.autoconfigure.webservices.client.MockWebServiceServerTestExecutionListener@22b543f8]
2020-11-16 15:29:51,767 INFO o.s.b.StartupInfoLogger [main] Starting PersonDaoTest on heimdall-Othalla with PID 26848 (started by heimdall in /media/heimdall/Stockage/0_DA_Java_OC/P5/SafetyNetAlerts)
2020-11-16 15:29:51,768 DEBUG o.s.b.StartupInfoLogger [main] Running with Spring Boot v2.3.4.RELEASE, Spring v5.2.9.RELEASE
2020-11-16 15:29:51,769 INFO o.s.b.SpringApplication [main] No active profile set, falling back to default profiles: default
2020-11-16 15:29:52,013 INFO o.s.s.c.ExecutorConfigurationSupport [main] Initializing ExecutorService 'applicationTaskExecutor'
2020-11-16 15:29:52,140 INFO o.s.m.w.MockServletContext [main] Initializing Spring TestDispatcherServlet ''
2020-11-16 15:29:52,141 INFO o.s.w.s.FrameworkServlet [main] Initializing Servlet ''
2020-11-16 15:29:52,146 INFO o.s.w.s.FrameworkServlet [main] Completed initialization in 4 ms
2020-11-16 15:29:52,152 INFO o.s.b.StartupInfoLogger [main] Started PersonDaoTest in 0.404 seconds (JVM running for 7.674)
2020-11-16 15:29:52,167 INFO c.s.a.d.PersonDtoImpl [main] PersonList retrieval
2020-11-16 15:29:52,209 INFO o.s.t.c.s.AbstractTestContextBootstrapper [main] Neither @ContextConfiguration nor @ContextHierarchy found for test class [com.safetynet.alerts.SafetyNetAlertsApplicationTests], using SpringBootContextLoader
2020-11-16 15:29:52,210 INFO o.s.t.c.s.AbstractContextLoader [main] Could not detect default resource locations for test class [com.safetynet.alerts.SafetyNetAlertsApplicationTests]: no resource found for suffixes {-context.xml, Context.groovy}.
2020-11-16 15:29:52,210 INFO o.s.t.c.s.AnnotationConfigContextLoaderUtils [main] Could not detect default configuration classes for test class [com.safetynet.alerts.SafetyNetAlertsApplicationTests]: SafetyNetAlertsApplicationTests does not declare any static, non-private, non-final, nested classes annotated with @Configuration.
2020-11-16 15:29:52,214 INFO o.s.b.t.c.SpringBootTestContextBootstrapper [main] Found @SpringBootConfiguration com.safetynet.alerts.SafetyNetAlertsApplication for test class com.safetynet.alerts.SafetyNetAlertsApplicationTests
2020-11-16 15:29:52,218 INFO o.s.t.c.s.AbstractTestContextBootstrapper [main] Loaded default TestExecutionListener class names from location [META-INF/spring.factories]: [org.springframework.boot.test.mock.mockito.MockitoTestExecutionListener, org.springframework.boot.test.mock.mockito.ResetMocksTestExecutionListener, org.springframework.boot.test.autoconfigure.restdocs.RestDocsTestExecutionListener, org.springframework.boot.test.autoconfigure.web.client.MockRestServiceServerResetTestExecutionListener, org.springframework.boot.test.autoconfigure.web.servlet.MockMvcPrintOnlyOnFailureTestExecutionListener, org.springframework.boot.test.autoconfigure.web.servlet.WebDriverTestExecutionListener, org.springframework.boot.test.autoconfigure.webservices.client.MockWebServiceServerTestExecutionListener, org.springframework.test.context.web.ServletTestExecutionListener, org.springframework.test.context.support.DirtiesContextBeforeModesTestExecutionListener, org.springframework.test.context.support.DependencyInjectionTestExecutionListener, org.springframework.test.context.support.DirtiesContextTestExecutionListener, org.springframework.test.context.transaction.TransactionalTestExecutionListener, org.springframework.test.context.jdbc.SqlScriptsTestExecutionListener, org.springframework.test.context.event.EventPublishingTestExecutionListener]
2020-11-16 15:29:52,219 INFO o.s.t.c.s.AbstractTestContextBootstrapper [main] Using TestExecutionListeners: [org.springframework.test.context.web.ServletTestExecutionListener@46c1ef9e, org.springframework.test.context.support.DirtiesContextBeforeModesTestExecutionListener@169c7207, org.springframework.boot.test.mock.mockito.MockitoTestExecutionListener@32671bda, org.springframework.boot.test.autoconfigure.SpringBootDependencyInjectionTestExecutionListener@172309cf, org.springframework.test.context.support.DirtiesContextTestExecutionListener@5ed7b9aa, org.springframework.test.context.event.EventPublishingTestExecutionListener@2baee43d, org.springframework.boot.test.mock.mockito.ResetMocksTestExecutionListener@211d8359, org.springframework.boot.test.autoconfigure.restdocs.RestDocsTestExecutionListener@2eff8bc4, org.springframework.boot.test.autoconfigure.web.client.MockRestServiceServerResetTestExecutionListener@4d867d58, org.springframework.boot.test.autoconfigure.web.servlet.MockMvcPrintOnlyOnFailureTestExecutionListener@11d5f7d9, org.springframework.boot.test.autoconfigure.web.servlet.WebDriverTestExecutionListener@5c9fa9f1, org.springframework.boot.test.autoconfigure.webservices.client.MockWebServiceServerTestExecutionListener@eecb80d]
2020-11-16 15:29:52,243 INFO o.s.b.StartupInfoLogger [main] Starting SafetyNetAlertsApplicationTests on heimdall-Othalla with PID 26848 (started by heimdall in /media/heimdall/Stockage/0_DA_Java_OC/P5/SafetyNetAlerts)
2020-11-16 15:29:52,244 DEBUG o.s.b.StartupInfoLogger [main] Running with Spring Boot v2.3.4.RELEASE, Spring v5.2.9.RELEASE
2020-11-16 15:29:52,244 INFO o.s.b.SpringApplication [main] No active profile set, falling back to default profiles: default
2020-11-16 15:29:52,918 INFO o.s.s.c.ExecutorConfigurationSupport [main] Initializing ExecutorService 'applicationTaskExecutor'
2020-11-16 15:29:53,218 INFO o.s.b.a.e.w.EndpointLinksResolver [main] Exposing 2 endpoint(s) beneath base path '/actuator'
2020-11-16 15:29:53,251 INFO o.s.b.StartupInfoLogger [main] Started SafetyNetAlertsApplicationTests in 1.03 seconds (JVM running for 8.773)
2020-11-16 15:29:53,266 INFO o.s.t.c.s.AbstractTestContextBootstrapper [main] Neither @ContextConfiguration nor @ContextHierarchy found for test class [com.safetynet.alerts.services.FireStationServiceTest], using SpringBootContextLoader
2020-11-16 15:29:53,267 INFO o.s.t.c.s.AbstractContextLoader [main] Could not detect default resource locations for test class [com.safetynet.alerts.services.FireStationServiceTest]: no resource found for suffixes {-context.xml, Context.groovy}.
2020-11-16 15:29:53,267 INFO o.s.t.c.s.AnnotationConfigContextLoaderUtils [main] Could not detect default configuration classes for test class [com.safetynet.alerts.services.FireStationServiceTest]: FireStationServiceTest does not declare any static, non-private, non-final, nested classes annotated with @Configuration.
2020-11-16 15:29:53,277 INFO o.s.b.t.c.SpringBootTestContextBootstrapper [main] Found @SpringBootConfiguration com.safetynet.alerts.SafetyNetAlertsApplication for test class com.safetynet.alerts.services.FireStationServiceTest
2020-11-16 15:29:53,277 INFO o.s.t.c.s.AbstractTestContextBootstrapper [main] Loaded default TestExecutionListener class names from location [META-INF/spring.factories]: [org.springframework.boot.test.mock.mockito.MockitoTestExecutionListener, org.springframework.boot.test.mock.mockito.ResetMocksTestExecutionListener, org.springframework.boot.test.autoconfigure.restdocs.RestDocsTestExecutionListener, org.springframework.boot.test.autoconfigure.web.client.MockRestServiceServerResetTestExecutionListener, org.springframework.boot.test.autoconfigure.web.servlet.MockMvcPrintOnlyOnFailureTestExecutionListener, org.springframework.boot.test.autoconfigure.web.servlet.WebDriverTestExecutionListener, org.springframework.boot.test.autoconfigure.webservices.client.MockWebServiceServerTestExecutionListener, org.springframework.test.context.web.ServletTestExecutionListener, org.springframework.test.context.support.DirtiesContextBeforeModesTestExecutionListener, org.springframework.test.context.support.DependencyInjectionTestExecutionListener, org.springframework.test.context.support.DirtiesContextTestExecutionListener, org.springframework.test.context.transaction.TransactionalTestExecutionListener, org.springframework.test.context.jdbc.SqlScriptsTestExecutionListener, org.springframework.test.context.event.EventPublishingTestExecutionListener]
2020-11-16 15:29:53,278 INFO o.s.t.c.s.AbstractTestContextBootstrapper [main] Using TestExecutionListeners: [org.springframework.test.context.web.ServletTestExecutionListener@7431b254, org.springframework.test.context.support.DirtiesContextBeforeModesTestExecutionListener@5ccdd496, org.springframework.boot.test.mock.mockito.MockitoTestExecutionListener@67c59e7e, org.springframework.boot.test.autoconfigure.SpringBootDependencyInjectionTestExecutionListener@db2e161, org.springframework.test.context.support.DirtiesContextTestExecutionListener@74684191, org.springframework.test.context.event.EventPublishingTestExecutionListener@46b352ee, org.springframework.boot.test.mock.mockito.ResetMocksTestExecutionListener@dce0228, org.springframework.boot.test.autoconfigure.restdocs.RestDocsTestExecutionListener@176d5319, org.springframework.boot.test.autoconfigure.web.client.MockRestServiceServerResetTestExecutionListener@21bffcac, org.springframework.boot.test.autoconfigure.web.servlet.MockMvcPrintOnlyOnFailureTestExecutionListener@7d47ee57, org.springframework.boot.test.autoconfigure.web.servlet.WebDriverTestExecutionListener@e57c95, org.springframework.boot.test.autoconfigure.webservices.client.MockWebServiceServerTestExecutionListener@7d6d120b]
2020-11-16 15:29:53,305 INFO o.s.b.StartupInfoLogger [main] Starting FireStationServiceTest on heimdall-Othalla with PID 26848 (started by heimdall in /media/heimdall/Stockage/0_DA_Java_OC/P5/SafetyNetAlerts)
2020-11-16 15:29:53,306 DEBUG o.s.b.StartupInfoLogger [main] Running with Spring Boot v2.3.4.RELEASE, Spring v5.2.9.RELEASE
2020-11-16 15:29:53,307 INFO o.s.b.SpringApplication [main] No active profile set, falling back to default profiles: default
2020-11-16 15:29:53,541 INFO o.s.s.c.ExecutorConfigurationSupport [main] Initializing ExecutorService 'applicationTaskExecutor'
2020-11-16 15:29:53,680 INFO o.s.m.w.MockServletContext [main] Initializing Spring TestDispatcherServlet ''
2020-11-16 15:29:53,680 INFO o.s.w.s.FrameworkServlet [main] Initializing Servlet ''
2020-11-16 15:29:53,685 INFO o.s.w.s.FrameworkServlet [main] Completed initialization in 4 ms
2020-11-16 15:29:53,691 INFO o.s.b.StartupInfoLogger [main] Started FireStationServiceTest in 0.41 seconds (JVM running for 9.213)
2020-11-16 15:29:53,703 INFO o.s.t.c.s.AbstractTestContextBootstrapper [main] Neither @ContextConfiguration nor @ContextHierarchy found for test class [com.safetynet.alerts.services.HomeServiceTest], using SpringBootContextLoader
2020-11-16 15:29:53,703 INFO o.s.t.c.s.AbstractContextLoader [main] Could not detect default resource locations for test class [com.safetynet.alerts.services.HomeServiceTest]: no resource found for suffixes {-context.xml, Context.groovy}.
2020-11-16 15:29:53,704 INFO o.s.t.c.s.AnnotationConfigContextLoaderUtils [main] Could not detect default configuration classes for test class [com.safetynet.alerts.services.HomeServiceTest]: HomeServiceTest does not declare any static, non-private, non-final, nested classes annotated with @Configuration.
2020-11-16 15:29:53,706 INFO o.s.b.t.c.SpringBootTestContextBootstrapper [main] Found @SpringBootConfiguration com.safetynet.alerts.SafetyNetAlertsApplication for test class com.safetynet.alerts.services.HomeServiceTest
2020-11-16 15:29:53,706 INFO o.s.t.c.s.AbstractTestContextBootstrapper [main] Loaded default TestExecutionListener class names from location [META-INF/spring.factories]: [org.springframework.boot.test.mock.mockito.MockitoTestExecutionListener, org.springframework.boot.test.mock.mockito.ResetMocksTestExecutionListener, org.springframework.boot.test.autoconfigure.restdocs.RestDocsTestExecutionListener, org.springframework.boot.test.autoconfigure.web.client.MockRestServiceServerResetTestExecutionListener, org.springframework.boot.test.autoconfigure.web.servlet.MockMvcPrintOnlyOnFailureTestExecutionListener, org.springframework.boot.test.autoconfigure.web.servlet.WebDriverTestExecutionListener, org.springframework.boot.test.autoconfigure.webservices.client.MockWebServiceServerTestExecutionListener, org.springframework.test.context.web.ServletTestExecutionListener, org.springframework.test.context.support.DirtiesContextBeforeModesTestExecutionListener, org.springframework.test.context.support.DependencyInjectionTestExecutionListener, org.springframework.test.context.support.DirtiesContextTestExecutionListener, org.springframework.test.context.transaction.TransactionalTestExecutionListener, org.springframework.test.context.jdbc.SqlScriptsTestExecutionListener, org.springframework.test.context.event.EventPublishingTestExecutionListener]
2020-11-16 15:29:53,707 INFO o.s.t.c.s.AbstractTestContextBootstrapper [main] Using TestExecutionListeners: [org.springframework.test.context.web.ServletTestExecutionListener@2be9fb14, org.springframework.test.context.support.DirtiesContextBeforeModesTestExecutionListener@5438acaa, org.springframework.boot.test.mock.mockito.MockitoTestExecutionListener@16606fc6, org.springframework.boot.test.autoconfigure.SpringBootDependencyInjectionTestExecutionListener@2c6c98f0, org.springframework.test.context.support.DirtiesContextTestExecutionListener@48b9f732, org.springframework.test.context.event.EventPublishingTestExecutionListener@59f54f73, org.springframework.boot.test.mock.mockito.ResetMocksTestExecutionListener@4c7e15d4, org.springframework.boot.test.autoconfigure.restdocs.RestDocsTestExecutionListener@49dafb3, org.springframework.boot.test.autoconfigure.web.client.MockRestServiceServerResetTestExecutionListener@39ac875, org.springframework.boot.test.autoconfigure.web.servlet.MockMvcPrintOnlyOnFailureTestExecutionListener@706791a2, org.springframework.boot.test.autoconfigure.web.servlet.WebDriverTestExecutionListener@4c0bfacf, org.springframework.boot.test.autoconfigure.webservices.client.MockWebServiceServerTestExecutionListener@250234ca]
2020-11-16 15:29:53,726 INFO o.s.b.StartupInfoLogger [main] Starting HomeServiceTest on heimdall-Othalla with PID 26848 (started by heimdall in /media/heimdall/Stockage/0_DA_Java_OC/P5/SafetyNetAlerts)
2020-11-16 15:29:53,727 DEBUG o.s.b.StartupInfoLogger [main] Running with Spring Boot v2.3.4.RELEASE, Spring v5.2.9.RELEASE
2020-11-16 15:29:53,727 INFO o.s.b.SpringApplication [main] No active profile set, falling back to default profiles: default
2020-11-16 15:29:53,976 INFO o.s.s.c.ExecutorConfigurationSupport [main] Initializing ExecutorService 'applicationTaskExecutor'
2020-11-16 15:29:54,107 INFO o.s.m.w.MockServletContext [main] Initializing Spring TestDispatcherServlet ''
2020-11-16 15:29:54,107 INFO o.s.w.s.FrameworkServlet [main] Initializing Servlet ''
2020-11-16 15:29:54,111 INFO o.s.w.s.FrameworkServlet [main] Completed initialization in 4 ms
2020-11-16 15:29:54,118 INFO o.s.b.StartupInfoLogger [main] Started HomeServiceTest in 0.41 seconds (JVM running for 9.64)
2020-11-16 15:29:54,124 INFO o.s.t.c.s.AbstractTestContextBootstrapper [main] Neither @ContextConfiguration nor @ContextHierarchy found for test class [com.safetynet.alerts.services.MedicalRecordListServiceTest], using SpringBootContextLoader
2020-11-16 15:29:54,125 INFO o.s.t.c.s.AbstractContextLoader [main] Could not detect default resource locations for test class [com.safetynet.alerts.services.MedicalRecordListServiceTest]: no resource found for suffixes {-context.xml, Context.groovy}.
2020-11-16 15:29:54,125 INFO o.s.t.c.s.AnnotationConfigContextLoaderUtils [main] Could not detect default configuration classes for test class [com.safetynet.alerts.services.MedicalRecordListServiceTest]: MedicalRecordListServiceTest does not declare any static, non-private, non-final, nested classes annotated with @Configuration.
2020-11-16 15:29:54,128 INFO o.s.b.t.c.SpringBootTestContextBootstrapper [main] Found @SpringBootConfiguration com.safetynet.alerts.SafetyNetAlertsApplication for test class com.safetynet.alerts.services.MedicalRecordListServiceTest
2020-11-16 15:29:54,128 INFO o.s.t.c.s.AbstractTestContextBootstrapper [main] Loaded default TestExecutionListener class names from location [META-INF/spring.factories]: [org.springframework.boot.test.mock.mockito.MockitoTestExecutionListener, org.springframework.boot.test.mock.mockito.ResetMocksTestExecutionListener, org.springframework.boot.test.autoconfigure.restdocs.RestDocsTestExecutionListener, org.springframework.boot.test.autoconfigure.web.client.MockRestServiceServerResetTestExecutionListener, org.springframework.boot.test.autoconfigure.web.servlet.MockMvcPrintOnlyOnFailureTestExecutionListener, org.springframework.boot.test.autoconfigure.web.servlet.WebDriverTestExecutionListener, org.springframework.boot.test.autoconfigure.webservices.client.MockWebServiceServerTestExecutionListener, org.springframework.test.context.web.ServletTestExecutionListener, org.springframework.test.context.support.DirtiesContextBeforeModesTestExecutionListener, org.springframework.test.context.support.DependencyInjectionTestExecutionListener, org.springframework.test.context.support.DirtiesContextTestExecutionListener, org.springframework.test.context.transaction.TransactionalTestExecutionListener, org.springframework.test.context.jdbc.SqlScriptsTestExecutionListener, org.springframework.test.context.event.EventPublishingTestExecutionListener]
2020-11-16 15:29:54,129 INFO o.s.t.c.s.AbstractTestContextBootstrapper [main] Using TestExecutionListeners: [org.springframework.test.context.web.ServletTestExecutionListener@6a865af8, org.springframework.test.context.support.DirtiesContextBeforeModesTestExecutionListener@8b79b, org.springframework.boot.test.mock.mockito.MockitoTestExecutionListener@7a051398, org.springframework.boot.test.autoconfigure.SpringBootDependencyInjectionTestExecutionListener@27a1fe7a, org.springframework.test.context.support.DirtiesContextTestExecutionListener@7f2831ec, org.springframework.test.context.event.EventPublishingTestExecutionListener@3a59f5fd, org.springframework.boot.test.mock.mockito.ResetMocksTestExecutionListener@6892b8fd, org.springframework.boot.test.autoconfigure.restdocs.RestDocsTestExecutionListener@40e8c9bb, org.springframework.boot.test.autoconfigure.web.client.MockRestServiceServerResetTestExecutionListener@7ef1371b, org.springframework.boot.test.autoconfigure.web.servlet.MockMvcPrintOnlyOnFailureTestExecutionListener@bf2c325, org.springframework.boot.test.autoconfigure.web.servlet.WebDriverTestExecutionListener@765ac7f6, org.springframework.boot.test.autoconfigure.webservices.client.MockWebServiceServerTestExecutionListener@70f96d97]
2020-11-16 15:29:54,154 INFO o.s.b.StartupInfoLogger [main] Starting MedicalRecordListServiceTest on heimdall-Othalla with PID 26848 (started by heimdall in /media/heimdall/Stockage/0_DA_Java_OC/P5/SafetyNetAlerts)
2020-11-16 15:29:54,155 DEBUG o.s.b.StartupInfoLogger [main] Running with Spring Boot v2.3.4.RELEASE, Spring v5.2.9.RELEASE
2020-11-16 15:29:54,156 INFO o.s.b.SpringApplication [main] No active profile set, falling back to default profiles: default
2020-11-16 15:29:54,361 INFO o.s.s.c.ExecutorConfigurationSupport [main] Initializing ExecutorService 'applicationTaskExecutor'
2020-11-16 15:29:54,496 INFO o.s.m.w.MockServletContext [main] Initializing Spring TestDispatcherServlet ''
2020-11-16 15:29:54,496 INFO o.s.w.s.FrameworkServlet [main] Initializing Servlet ''
2020-11-16 15:29:54,502 INFO o.s.w.s.FrameworkServlet [main] Completed initialization in 6 ms
2020-11-16 15:29:54,508 INFO o.s.b.StartupInfoLogger [main] Started MedicalRecordListServiceTest in 0.377 seconds (JVM running for 10.03)
2020-11-16 15:29:54,520 INFO o.s.t.c.s.AbstractTestContextBootstrapper [main] Neither @ContextConfiguration nor @ContextHierarchy found for test class [com.safetynet.alerts.services.PersonServiceTest], using SpringBootContextLoader
2020-11-16 15:29:54,521 INFO o.s.t.c.s.AbstractContextLoader [main] Could not detect default resource locations for test class [com.safetynet.alerts.services.PersonServiceTest]: no resource found for suffixes {-context.xml, Context.groovy}.
2020-11-16 15:29:54,521 INFO o.s.t.c.s.AnnotationConfigContextLoaderUtils [main] Could not detect default configuration classes for test class [com.safetynet.alerts.services.PersonServiceTest]: PersonServiceTest does not declare any static, non-private, non-final, nested classes annotated with @Configuration.
2020-11-16 15:29:54,523 INFO o.s.b.t.c.SpringBootTestContextBootstrapper [main] Found @SpringBootConfiguration com.safetynet.alerts.SafetyNetAlertsApplication for test class com.safetynet.alerts.services.PersonServiceTest
2020-11-16 15:29:54,523 INFO o.s.t.c.s.AbstractTestContextBootstrapper [main] Loaded default TestExecutionListener class names from location [META-INF/spring.factories]: [org.springframework.boot.test.mock.mockito.MockitoTestExecutionListener, org.springframework.boot.test.mock.mockito.ResetMocksTestExecutionListener, org.springframework.boot.test.autoconfigure.restdocs.RestDocsTestExecutionListener, org.springframework.boot.test.autoconfigure.web.client.MockRestServiceServerResetTestExecutionListener, org.springframework.boot.test.autoconfigure.web.servlet.MockMvcPrintOnlyOnFailureTestExecutionListener, org.springframework.boot.test.autoconfigure.web.servlet.WebDriverTestExecutionListener, org.springframework.boot.test.autoconfigure.webservices.client.MockWebServiceServerTestExecutionListener, org.springframework.test.context.web.ServletTestExecutionListener, org.springframework.test.context.support.DirtiesContextBeforeModesTestExecutionListener, org.springframework.test.context.support.DependencyInjectionTestExecutionListener, org.springframework.test.context.support.DirtiesContextTestExecutionListener, org.springframework.test.context.transaction.TransactionalTestExecutionListener, org.springframework.test.context.jdbc.SqlScriptsTestExecutionListener, org.springframework.test.context.event.EventPublishingTestExecutionListener]
2020-11-16 15:29:54,524 INFO o.s.t.c.s.AbstractTestContextBootstrapper [main] Using TestExecutionListeners: [org.springframework.test.context.web.ServletTestExecutionListener@2820a644, org.springframework.test.context.support.DirtiesContextBeforeModesTestExecutionListener@2880ff6f, org.springframework.boot.test.mock.mockito.MockitoTestExecutionListener@3754e4b2, org.springframework.boot.test.autoconfigure.SpringBootDependencyInjectionTestExecutionListener@54fabf18, org.springframework.test.context.support.DirtiesContextTestExecutionListener@79c52145, org.springframework.test.context.event.EventPublishingTestExecutionListener@5691d295, org.springframework.boot.test.mock.mockito.ResetMocksTestExecutionListener@4670dd81, org.springframework.boot.test.autoconfigure.restdocs.RestDocsTestExecutionListener@47f3b828, org.springframework.boot.test.autoconfigure.web.client.MockRestServiceServerResetTestExecutionListener@176c769a, org.springframework.boot.test.autoconfigure.web.servlet.MockMvcPrintOnlyOnFailureTestExecutionListener@4fb10b98, org.springframework.boot.test.autoconfigure.web.servlet.WebDriverTestExecutionListener@f6d5b3a, org.springframework.boot.test.autoconfigure.webservices.client.MockWebServiceServerTestExecutionListener@55858007]
2020-11-16 15:29:54,546 INFO o.s.b.StartupInfoLogger [main] Starting PersonServiceTest on heimdall-Othalla with PID 26848 (started by heimdall in /media/heimdall/Stockage/0_DA_Java_OC/P5/SafetyNetAlerts)
2020-11-16 15:29:54,547 DEBUG o.s.b.StartupInfoLogger [main] Running with Spring Boot v2.3.4.RELEASE, Spring v5.2.9.RELEASE
2020-11-16 15:29:54,547 INFO o.s.b.SpringApplication [main] No active profile set, falling back to default profiles: default
2020-11-16 15:29:54,773 INFO o.s.s.c.ExecutorConfigurationSupport [main] Initializing ExecutorService 'applicationTaskExecutor'
2020-11-16 15:29:54,904 INFO o.s.m.w.MockServletContext [main] Initializing Spring TestDispatcherServlet ''
2020-11-16 15:29:54,905 INFO o.s.w.s.FrameworkServlet [main] Initializing Servlet ''
2020-11-16 15:29:54,909 INFO o.s.w.s.FrameworkServlet [main] Completed initialization in 3 ms
2020-11-16 15:29:54,917 INFO o.s.b.StartupInfoLogger [main] Started PersonServiceTest in 0.391 seconds (JVM running for 10.439)
2020-11-16 15:29:54,958 INFO o.s.s.c.ExecutorConfigurationSupport [SpringContextShutdownHook] Shutting down ExecutorService 'applicationTaskExecutor'
2020-11-16 15:29:54,959 INFO o.s.s.c.ExecutorConfigurationSupport [SpringContextShutdownHook] Shutting down ExecutorService 'applicationTaskExecutor'
2020-11-16 15:29:54,958 INFO o.s.s.c.ExecutorConfigurationSupport [SpringContextShutdownHook] Shutting down ExecutorService 'applicationTaskExecutor'
2020-11-16 15:29:54,958 INFO o.s.s.c.ExecutorConfigurationSupport [SpringContextShutdownHook] Shutting down ExecutorService 'applicationTaskExecutor'
2020-11-16 15:29:54,959 INFO o.s.s.c.ExecutorConfigurationSupport [SpringContextShutdownHook] Shutting down ExecutorService 'applicationTaskExecutor'
2020-11-16 15:29:54,958 INFO o.s.s.c.ExecutorConfigurationSupport [SpringContextShutdownHook] Shutting down ExecutorService 'applicationTaskExecutor'
2020-11-16 15:29:54,960 INFO o.s.s.c.ExecutorConfigurationSupport [SpringContextShutdownHook] Shutting down ExecutorService 'applicationTaskExecutor'
2020-11-16 15:29:54,959 INFO o.s.s.c.ExecutorConfigurationSupport [SpringContextShutdownHook] Shutting down ExecutorService 'applicationTaskExecutor'
2020-11-16 15:29:54,962 INFO o.s.s.c.ExecutorConfigurationSupport [SpringContextShutdownHook] Shutting down ExecutorService 'applicationTaskExecutor'
2020-11-16 15:29:54,962 INFO o.s.s.c.ExecutorConfigurationSupport [SpringContextShutdownHook] Shutting down ExecutorService 'applicationTaskExecutor'
2020-11-16 15:29:54,962 INFO o.s.s.c.ExecutorConfigurationSupport [SpringContextShutdownHook] Shutting down ExecutorService 'applicationTaskExecutor'
2020-11-16 15:29:54,961 INFO o.s.s.c.ExecutorConfigurationSupport [SpringContextShutdownHook] Shutting down ExecutorService 'applicationTaskExecutor'
2020-11-16 15:29:54,959 INFO o.s.s.c.ExecutorConfigurationSupport [SpringContextShutdownHook] Shutting down ExecutorService 'applicationTaskExecutor'
